<?xml version="1.0" encoding="UTF-8"?>
<!-- Generated by org.testng.reporters.JUnitXMLReporter -->
<testsuite ignored="0" hostname="DESKTOP-G0635JT" failures="0" tests="8" name="Default test" time="60.388" errors="0" timestamp="2021-05-01T21:21:53 EET">
  <testcase classname="tests.TestCasesUsingCSV" name="usercanRegister" time="13.784"/>
  <testcase classname="tests.TestCasesUsingCSV" name="UserCanLogout" time="4.548"/>
  <testcase classname="tests.TestCasesUsingCSV" name="usercanlogin" time="5.314"/>
  <testcase classname="tests.TestCasesUsingCSV" name="usercanchoosefromsubcategory" time="9.5"/>
  <testcase classname="tests.TestCasesUsingCSV" name="usercanopenproductdetailspage" time="7.834"/>
  <testcase classname="tests.TestCasesUsingCSV" name="usercanbuyAproduct" time="3.401"/>
  <testcase classname="tests.TestCasesUsingCSV" name="usercancompletetheorder" time="11.558"/>
  <testcase classname="tests.TestCasesUsingCSV" name="UsercCanOpenOrderHistoryPage" time="4.382"/>
</testsuite> <!-- Default test -->
