<?xml version="1.0" encoding="UTF-8"?>
<!-- Generated by org.testng.reporters.JUnitXMLReporter -->
<testsuite ignored="0" hostname="DESKTOP-G0635JT" failures="1" tests="2" name="Regression test" time="8.184" errors="0" timestamp="2021-04-29T11:05:28 EET">
  <testcase classname="tests.LoginTest" name="usercanRegister" time="8.117"/>
  <testcase classname="tests.LoginTest" name="usercanchoosefromsubcategory" time="0.008">
    <failure type="java.lang.NullPointerException">
      <![CDATA[java.lang.NullPointerException
at java.base/java.util.Objects.requireNonNull(Objects.java:208)
at org.openqa.selenium.interactions.Actions.<init>(Actions.java:65)
at pages.HomePage.Opensubcategory(HomePage.java:38)
at tests.LoginTest.usercanchoosefromsubcategory(LoginTest.java:31)
at java.base/java.util.ArrayList.forEach(ArrayList.java:1511)
... Removed 27 stack frames]]>
    </failure>
  </testcase> <!-- usercanchoosefromsubcategory -->
</testsuite> <!-- Regression test -->
