<?xml version="1.0" encoding="UTF-8"?>
<testng-results ignored="0" total="8" passed="8" failed="0" skipped="0">
  <reporter-output>
  </reporter-output>
  <suite started-at="2021-05-01T21:20:52 EET" name="Default suite" finished-at="2021-05-01T21:21:53 EET" duration-ms="60388">
    <groups>
    </groups>
    <test started-at="2021-05-01T21:20:52 EET" name="Default test" finished-at="2021-05-01T21:21:53 EET" duration-ms="60388">
      <class name="tests.TestCasesUsingCSV">
        <test-method is-config="true" signature="startDriver(java.lang.String)[pri:0, instance:tests.TestCasesUsingCSV@564fabc8]" started-at="2021-05-01T21:20:37 EET" name="startDriver" finished-at="2021-05-01T21:20:52 EET" duration-ms="14838" status="PASS">
          <params>
            <param index="0">
              <value>
                <![CDATA[chrome]]>
              </value>
            </param>
          </params>
          <reporter-output>
          </reporter-output>
        </test-method> <!-- startDriver -->
        <test-method signature="usercanRegister()[pri:1, instance:tests.TestCasesUsingCSV@564fabc8]" started-at="2021-05-01T21:20:52 EET" name="usercanRegister" finished-at="2021-05-01T21:21:06 EET" duration-ms="13784" status="PASS">
          <reporter-output>
          </reporter-output>
        </test-method> <!-- usercanRegister -->
        <test-method signature="UserCanLogout()[pri:2, instance:tests.TestCasesUsingCSV@564fabc8]" started-at="2021-05-01T21:21:06 EET" name="UserCanLogout" finished-at="2021-05-01T21:21:11 EET" duration-ms="4548" status="PASS">
          <reporter-output>
          </reporter-output>
        </test-method> <!-- UserCanLogout -->
        <test-method signature="usercanlogin()[pri:3, instance:tests.TestCasesUsingCSV@564fabc8]" started-at="2021-05-01T21:21:11 EET" name="usercanlogin" finished-at="2021-05-01T21:21:16 EET" duration-ms="5314" status="PASS">
          <reporter-output>
          </reporter-output>
        </test-method> <!-- usercanlogin -->
        <test-method signature="usercanchoosefromsubcategory()[pri:4, instance:tests.TestCasesUsingCSV@564fabc8]" started-at="2021-05-01T21:21:16 EET" name="usercanchoosefromsubcategory" finished-at="2021-05-01T21:21:25 EET" duration-ms="9500" status="PASS">
          <reporter-output>
          </reporter-output>
        </test-method> <!-- usercanchoosefromsubcategory -->
        <test-method signature="usercanopenproductdetailspage()[pri:5, instance:tests.TestCasesUsingCSV@564fabc8]" started-at="2021-05-01T21:21:25 EET" name="usercanopenproductdetailspage" finished-at="2021-05-01T21:21:33 EET" duration-ms="7834" status="PASS">
          <reporter-output>
          </reporter-output>
        </test-method> <!-- usercanopenproductdetailspage -->
        <test-method signature="usercanbuyAproduct()[pri:6, instance:tests.TestCasesUsingCSV@564fabc8]" started-at="2021-05-01T21:21:33 EET" name="usercanbuyAproduct" finished-at="2021-05-01T21:21:37 EET" duration-ms="3401" status="PASS">
          <reporter-output>
          </reporter-output>
        </test-method> <!-- usercanbuyAproduct -->
        <test-method signature="usercancompletetheorder()[pri:7, instance:tests.TestCasesUsingCSV@564fabc8]" started-at="2021-05-01T21:21:37 EET" name="usercancompletetheorder" finished-at="2021-05-01T21:21:48 EET" duration-ms="11558" status="PASS">
          <reporter-output>
          </reporter-output>
        </test-method> <!-- usercancompletetheorder -->
        <test-method signature="UsercCanOpenOrderHistoryPage()[pri:8, instance:tests.TestCasesUsingCSV@564fabc8]" started-at="2021-05-01T21:21:48 EET" name="UsercCanOpenOrderHistoryPage" finished-at="2021-05-01T21:21:53 EET" duration-ms="4382" status="PASS">
          <reporter-output>
          </reporter-output>
        </test-method> <!-- UsercCanOpenOrderHistoryPage -->
        <test-method is-config="true" signature="stopDriver()[pri:0, instance:tests.TestCasesUsingCSV@564fabc8]" started-at="2021-05-01T21:21:53 EET" name="stopDriver" finished-at="2021-05-01T21:21:54 EET" duration-ms="913" status="PASS">
          <reporter-output>
          </reporter-output>
        </test-method> <!-- stopDriver -->
      </class> <!-- tests.TestCasesUsingCSV -->
    </test> <!-- Default test -->
  </suite> <!-- Default suite -->
</testng-results>
